example/build/app/intermediates/manifest_merge_blame_file/debug/processDebugMainManifest/manifest-merger-blame-debug-report.txt
1<?xml version="1.0" encoding="utf-8"?>
2<manifest xmlns:android="http://schemas.android.com/apk/res/android"
3    package="io.flutter.plugins.pathproviderexample"
4    android:versionCode="1"
5    android:versionName="1.0" >
6
7    <uses-sdk
8        android:minSdkVersion="23"
9        android:targetSdkVersion="35" />
10
11    <uses-permission android:name="android.permission.INTERNET" />
11-->src/main/AndroidManifest.xml:4:5-66
11-->src/main/AndroidManifest.xml:4:22-64
12
13    <permission
13-->[androidx.core:core:1.13.1] AndroidManifest.xml:22:5-24:47
14        android:name="io.flutter.plugins.pathproviderexample.DYNAMIC_RECEIVER_NOT_EXPORTED_PERMISSION"
14-->[androidx.core:core:1.13.1] AndroidManifest.xml:23:9-81
15        android:protectionLevel="signature" />
15-->[androidx.core:core:1.13.1] AndroidManifest.xml:24:9-44
16
17    <uses-permission android:name="io.flutter.plugins.pathproviderexample.DYNAMIC_RECEIVER_NOT_EXPORTED_PERMISSION" />
17-->[androidx.core:core:1.13.1] AndroidManifest.xml:26:5-97
17-->[androidx.core:core:1.13.1] AndroidManifest.xml:26:22-94
18
19    <application
19-->src/main/AndroidManifest.xml:6:5-20:19
20        android:appComponentFactory="androidx.core.app.CoreComponentFactory"
20-->[androidx.core:core:1.13.1] AndroidManifest.xml:28:18-86
21        android:debuggable="true"
22        android:extractNativeLibs="false"
23        android:icon="@mipmap/ic_launcher"
23-->src/main/AndroidManifest.xml:6:56-90
24        android:label="path_provider_example" >
24-->src/main/AndroidManifest.xml:6:18-55
25        <activity
25-->src/main/AndroidManifest.xml:7:9-18:20
26            android:name="io.flutter.embedding.android.FlutterActivity"
26-->src/main/AndroidManifest.xml:7:19-78
27            android:configChanges="orientation|keyboardHidden|keyboard|screenSize|locale|layoutDirection"
27-->src/main/AndroidManifest.xml:11:19-112
28            android:exported="true"
28-->src/main/AndroidManifest.xml:9:19-42
29            android:hardwareAccelerated="true"
29-->src/main/AndroidManifest.xml:12:19-53
30            android:launchMode="singleTop"
30-->src/main/AndroidManifest.xml:8:19-49
31            android:theme="@android:style/Theme.Black.NoTitleBar"
31-->src/main/AndroidManifest.xml:10:19-72
32            android:windowSoftInputMode="adjustResize" >
32-->src/main/AndroidManifest.xml:13:19-61
33            <intent-filter>
33-->src/main/AndroidManifest.xml:14:13-17:29
34                <action android:name="android.intent.action.MAIN" />
34-->src/main/AndroidManifest.xml:15:17-68
34-->src/main/AndroidManifest.xml:15:25-66
35
36                <category android:name="android.intent.category.LAUNCHER" />
36-->src/main/AndroidManifest.xml:16:17-76
36-->src/main/AndroidManifest.xml:16:27-74
37            </intent-filter>
38        </activity>
39
40        <meta-data
40-->src/main/AndroidManifest.xml:19:9-71
41            android:name="flutterEmbedding"
41-->src/main/AndroidManifest.xml:19:20-51
42            android:value="2" />
42-->src/main/AndroidManifest.xml:19:52-69
43
44        <uses-library
44-->[androidx.window:window:1.2.0] AndroidManifest.xml:23:9-25:40
45            android:name="androidx.window.extensions"
45-->[androidx.window:window:1.2.0] AndroidManifest.xml:24:13-54
46            android:required="false" />
46-->[androidx.window:window:1.2.0] AndroidManifest.xml:25:13-37
47        <uses-library
47-->[androidx.window:window:1.2.0] AndroidManifest.xml:26:9-28:40
48            android:name="androidx.window.sidecar"
48-->[androidx.window:window:1.2.0] AndroidManifest.xml:27:13-51
49            android:required="false" />
49-->[androidx.window:window:1.2.0] AndroidManifest.xml:28:13-37
50
51        <provider
51-->[androidx.lifecycle:lifecycle-process:2.7.0] AndroidManifest.xml:24:9-32:20
52            android:name="androidx.startup.InitializationProvider"
52-->[androidx.lifecycle:lifecycle-process:2.7.0] AndroidManifest.xml:25:13-67
53            android:authorities="io.flutter.plugins.pathproviderexample.androidx-startup"
53-->[androidx.lifecycle:lifecycle-process:2.7.0] AndroidManifest.xml:26:13-68
54            android:exported="false" >
54-->[androidx.lifecycle:lifecycle-process:2.7.0] AndroidManifest.xml:27:13-37
55            <meta-data
55-->[androidx.lifecycle:lifecycle-process:2.7.0] AndroidManifest.xml:29:13-31:52
56                android:name="androidx.lifecycle.ProcessLifecycleInitializer"
56-->[androidx.lifecycle:lifecycle-process:2.7.0] AndroidManifest.xml:30:17-78
57                android:value="androidx.startup" />
57-->[androidx.lifecycle:lifecycle-process:2.7.0] AndroidManifest.xml:31:17-49
58            <meta-data
58-->[androidx.profileinstaller:profileinstaller:1.3.1] AndroidManifest.xml:29:13-31:52
59                android:name="androidx.profileinstaller.ProfileInstallerInitializer"
59-->[androidx.profileinstaller:profileinstaller:1.3.1] AndroidManifest.xml:30:17-85
60                android:value="androidx.startup" />
60-->[androidx.profileinstaller:profileinstaller:1.3.1] AndroidManifest.xml:31:17-49
61        </provider>
62
63        <receiver
63-->[androidx.profileinstaller:profileinstaller:1.3.1] AndroidManifest.xml:34:9-52:20
64            android:name="androidx.profileinstaller.ProfileInstallReceiver"
64-->[androidx.profileinstaller:profileinstaller:1.3.1] AndroidManifest.xml:35:13-76
65            android:directBootAware="false"
65-->[androidx.profileinstaller:profileinstaller:1.3.1] AndroidManifest.xml:36:13-44
66            android:enabled="true"
66-->[androidx.profileinstaller:profileinstaller:1.3.1] AndroidManifest.xml:37:13-35
67            android:exported="true"
67-->[androidx.profileinstaller:profileinstaller:1.3.1] AndroidManifest.xml:38:13-36
68            android:permission="android.permission.DUMP" >
68-->[androidx.profileinstaller:profileinstaller:1.3.1] AndroidManifest.xml:39:13-57
69            <intent-filter>
69-->[androidx.profileinstaller:profileinstaller:1.3.1] AndroidManifest.xml:40:13-42:29
70                <action android:name="androidx.profileinstaller.action.INSTALL_PROFILE" />
70-->[androidx.profileinstaller:profileinstaller:1.3.1] AndroidManifest.xml:41:17-91
70-->[androidx.profileinstaller:profileinstaller:1.3.1] AndroidManifest.xml:41:25-88
71            </intent-filter>
72            <intent-filter>
72-->[androidx.profileinstaller:profileinstaller:1.3.1] AndroidManifest.xml:43:13-45:29
73                <action android:name="androidx.profileinstaller.action.SKIP_FILE" />
73-->[androidx.profileinstaller:profileinstaller:1.3.1] AndroidManifest.xml:44:17-85
73-->[androidx.profileinstaller:profileinstaller:1.3.1] AndroidManifest.xml:44:25-82
74            </intent-filter>
75            <intent-filter>
75-->[androidx.profileinstaller:profileinstaller:1.3.1] AndroidManifest.xml:46:13-48:29
76                <action android:name="androidx.profileinstaller.action.SAVE_PROFILE" />
76-->[androidx.profileinstaller:profileinstaller:1.3.1] AndroidManifest.xml:47:17-88
76-->[androidx.profileinstaller:profileinstaller:1.3.1] AndroidManifest.xml:47:25-85
77            </intent-filter>
78            <intent-filter>
78-->[androidx.profileinstaller:profileinstaller:1.3.1] AndroidManifest.xml:49:13-51:29
79                <action android:name="androidx.profileinstaller.action.BENCHMARK_OPERATION" />
79-->[androidx.profileinstaller:profileinstaller:1.3.1] AndroidManifest.xml:50:17-95
79-->[androidx.profileinstaller:profileinstaller:1.3.1] AndroidManifest.xml:50:25-92
80            </intent-filter>
81        </receiver>
82    </application>
83
84</manifest>